<?xml version="1.0" encoding="UTF-8" ?>
<testsuite tests="30" failures="0" name="edu.uprm.cse.datastructures.cardealer.APITest" time="4.518" errors="0" skipped="0">
  <properties>
    <property name="java.runtime.name" value="Java(TM) SE Runtime Environment"/>
    <property name="sun.boot.library.path" value="/Library/Java/JavaVirtualMachines/jdk1.8.0_221.jdk/Contents/Home/jre/lib"/>
    <property name="java.vm.version" value="25.221-b11"/>
    <property name="gopherProxySet" value="false"/>
    <property name="java.vm.vendor" value="Oracle Corporation"/>
    <property name="maven.multiModuleProjectDirectory" value="/Users/luisfquiles/Documents/Workspace/p2"/>
    <property name="java.vendor.url" value="http://java.oracle.com/"/>
    <property name="path.separator" value=":"/>
    <property name="guice.disable.misplaced.annotation.check" value="true"/>
    <property name="java.vm.name" value="Java HotSpot(TM) 64-Bit Server VM"/>
    <property name="file.encoding.pkg" value="sun.io"/>
    <property name="user.country" value="PR"/>
    <property name="sun.java.launcher" value="SUN_STANDARD"/>
    <property name="sun.os.patch.level" value="unknown"/>
    <property name="java.vm.specification.name" value="Java Virtual Machine Specification"/>
    <property name="user.dir" value="/Users/luisfquiles/Documents/Workspace/p2"/>
    <property name="java.runtime.version" value="1.8.0_221-b11"/>
    <property name="java.awt.graphicsenv" value="sun.awt.CGraphicsEnvironment"/>
    <property name="java.endorsed.dirs" value="/Library/Java/JavaVirtualMachines/jdk1.8.0_221.jdk/Contents/Home/jre/lib/endorsed"/>
    <property name="os.arch" value="x86_64"/>
    <property name="java.io.tmpdir" value="/var/folders/8x/wx02jfzj5lb9dt09jb2zgbth0000gn/T/"/>
    <property name="line.separator" value="
"/>
    <property name="java.vm.specification.vendor" value="Oracle Corporation"/>
    <property name="os.name" value="Mac OS X"/>
    <property name="classworlds.conf" value="/usr/local/Cellar/maven/3.6.2/libexec/bin/m2.conf"/>
    <property name="sun.jnu.encoding" value="UTF-8"/>
    <property name="java.library.path" value="/Users/luisfquiles/Library/Java/Extensions:/Library/Java/Extensions:/Network/Library/Java/Extensions:/System/Library/Java/Extensions:/usr/lib/java:."/>
    <property name="maven.conf" value="/usr/local/Cellar/maven/3.6.2/libexec/conf"/>
    <property name="java.specification.name" value="Java Platform API Specification"/>
    <property name="java.class.version" value="52.0"/>
    <property name="sun.management.compiler" value="HotSpot 64-Bit Tiered Compilers"/>
    <property name="os.version" value="10.15.1"/>
    <property name="library.jansi.path" value="/usr/local/Cellar/maven/3.6.2/libexec/lib/jansi-native"/>
    <property name="http.nonProxyHosts" value="local|*.local|169.254/16|*.169.254/16"/>
    <property name="user.home" value="/Users/luisfquiles"/>
    <property name="user.timezone" value="America/Puerto_Rico"/>
    <property name="java.awt.printerjob" value="sun.lwawt.macosx.CPrinterJob"/>
    <property name="java.specification.version" value="1.8"/>
    <property name="file.encoding" value="UTF-8"/>
    <property name="user.name" value="luisfquiles"/>
    <property name="java.class.path" value="/usr/local/Cellar/maven/3.6.2/libexec/boot/plexus-classworlds-2.6.0.jar"/>
    <property name="java.vm.specification.version" value="1.8"/>
    <property name="sun.arch.data.model" value="64"/>
    <property name="java.home" value="/Library/Java/JavaVirtualMachines/jdk1.8.0_221.jdk/Contents/Home/jre"/>
    <property name="sun.java.command" value="org.codehaus.plexus.classworlds.launcher.Launcher clean install exec:java"/>
    <property name="java.specification.vendor" value="Oracle Corporation"/>
    <property name="user.language" value="en"/>
    <property name="awt.toolkit" value="sun.lwawt.macosx.LWCToolkit"/>
    <property name="java.vm.info" value="mixed mode"/>
    <property name="java.version" value="1.8.0_221"/>
    <property name="java.ext.dirs" value="/Users/luisfquiles/Library/Java/Extensions:/Library/Java/JavaVirtualMachines/jdk1.8.0_221.jdk/Contents/Home/jre/lib/ext:/Library/Java/Extensions:/Network/Library/Java/Extensions:/System/Library/Java/Extensions:/usr/lib/java"/>
    <property name="sun.boot.class.path" value="/Library/Java/JavaVirtualMachines/jdk1.8.0_221.jdk/Contents/Home/jre/lib/resources.jar:/Library/Java/JavaVirtualMachines/jdk1.8.0_221.jdk/Contents/Home/jre/lib/rt.jar:/Library/Java/JavaVirtualMachines/jdk1.8.0_221.jdk/Contents/Home/jre/lib/sunrsasign.jar:/Library/Java/JavaVirtualMachines/jdk1.8.0_221.jdk/Contents/Home/jre/lib/jsse.jar:/Library/Java/JavaVirtualMachines/jdk1.8.0_221.jdk/Contents/Home/jre/lib/jce.jar:/Library/Java/JavaVirtualMachines/jdk1.8.0_221.jdk/Contents/Home/jre/lib/charsets.jar:/Library/Java/JavaVirtualMachines/jdk1.8.0_221.jdk/Contents/Home/jre/lib/jfr.jar:/Library/Java/JavaVirtualMachines/jdk1.8.0_221.jdk/Contents/Home/jre/classes"/>
    <property name="java.vendor" value="Oracle Corporation"/>
    <property name="maven.home" value="/usr/local/Cellar/maven/3.6.2/libexec"/>
    <property name="file.separator" value="/"/>
    <property name="java.vendor.url.bug" value="http://bugreport.sun.com/bugreport/"/>
    <property name="sun.cpu.endian" value="little"/>
    <property name="sun.io.unicode.encoding" value="UnicodeBig"/>
    <property name="socksNonProxyHosts" value="local|*.local|169.254/16|*.169.254/16"/>
    <property name="ftp.nonProxyHosts" value="local|*.local|169.254/16|*.169.254/16"/>
    <property name="sun.cpu.isalist" value=""/>
  </properties>
  <testcase classname="edu.uprm.cse.datastructures.cardealer.APITest" name="test1Create1" time="1.572"/>
  <testcase classname="edu.uprm.cse.datastructures.cardealer.APITest" name="test1Get" time="0.187"/>
  <testcase classname="edu.uprm.cse.datastructures.cardealer.APITest" name="test1Create2" time="0.115"/>
  <testcase classname="edu.uprm.cse.datastructures.cardealer.APITest" name="test1Get2" time="0.101"/>
  <testcase classname="edu.uprm.cse.datastructures.cardealer.APITest" name="test1GetAll" time="0.123"/>
  <testcase classname="edu.uprm.cse.datastructures.cardealer.APITest" name="test1Create3" time="0.081"/>
  <testcase classname="edu.uprm.cse.datastructures.cardealer.APITest" name="test1Get3" time="0.085"/>
  <testcase classname="edu.uprm.cse.datastructures.cardealer.APITest" name="test1GetAll2" time="0.118"/>
  <testcase classname="edu.uprm.cse.datastructures.cardealer.APITest" name="test2Create2" time="0.085"/>
  <testcase classname="edu.uprm.cse.datastructures.cardealer.APITest" name="test2Get2" time="0.112"/>
  <testcase classname="edu.uprm.cse.datastructures.cardealer.APITest" name="test2Update1" time="0.126"/>
  <testcase classname="edu.uprm.cse.datastructures.cardealer.APITest" name="test2CheckUpdate1" time="0.093"/>
  <testcase classname="edu.uprm.cse.datastructures.cardealer.APITest" name="test2GetAll" time="0.089"/>
  <testcase classname="edu.uprm.cse.datastructures.cardealer.APITest" name="test2Create3" time="0.091"/>
  <testcase classname="edu.uprm.cse.datastructures.cardealer.APITest" name="test2Get3" time="0.1"/>
  <testcase classname="edu.uprm.cse.datastructures.cardealer.APITest" name="test2GetAll2" time="0.12"/>
  <testcase classname="edu.uprm.cse.datastructures.cardealer.APITest" name="test2Delete1" time="0.1"/>
  <testcase classname="edu.uprm.cse.datastructures.cardealer.APITest" name="test2CheckDelete1" time="0.105"/>
  <testcase classname="edu.uprm.cse.datastructures.cardealer.APITest" name="test2GetAll3" time="0.138"/>
  <testcase classname="edu.uprm.cse.datastructures.cardealer.APITest" name="test3Delete1" time="0.065"/>
  <testcase classname="edu.uprm.cse.datastructures.cardealer.APITest" name="test3CheckDelete1" time="0.065"/>
  <testcase classname="edu.uprm.cse.datastructures.cardealer.APITest" name="test3CreateAfterDelete1" time="0.07"/>
  <testcase classname="edu.uprm.cse.datastructures.cardealer.APITest" name="test3Create2" time="0.078"/>
  <testcase classname="edu.uprm.cse.datastructures.cardealer.APITest" name="test3Get2" time="0.097"/>
  <testcase classname="edu.uprm.cse.datastructures.cardealer.APITest" name="test3GetAll" time="0.102"/>
  <testcase classname="edu.uprm.cse.datastructures.cardealer.APITest" name="test3Delete2" time="0.11"/>
  <testcase classname="edu.uprm.cse.datastructures.cardealer.APITest" name="test3CheckDelete2" time="0.086"/>
  <testcase classname="edu.uprm.cse.datastructures.cardealer.APITest" name="test3CreateC2" time="0.101"/>
  <testcase classname="edu.uprm.cse.datastructures.cardealer.APITest" name="test3GetC2" time="0.101"/>
  <testcase classname="edu.uprm.cse.datastructures.cardealer.APITest" name="test3GetAll2" time="0.102"/>
</testsuite>